\BOOKMARK [0][-]{chapter.1}{\376\377\0001\000\040\000C\000l\000a\000s\000s\000\040\000I\000n\000d\000e\000x}{}% 1
\BOOKMARK [1][-]{section.1.1}{\376\377\0001\000.\0001\000\040\000C\000l\000a\000s\000s\000\040\000L\000i\000s\000t}{chapter.1}% 2
\BOOKMARK [0][-]{chapter.2}{\376\377\0002\000\040\000C\000l\000a\000s\000s\000\040\000D\000o\000c\000u\000m\000e\000n\000t\000a\000t\000i\000o\000n}{}% 3
\BOOKMARK [1][-]{section.2.1}{\376\377\0002\000.\0001\000\040\000p\000r\000o\000j\0004\000\040\000C\000l\000a\000s\000s\000\040\000R\000e\000f\000e\000r\000e\000n\000c\000e}{chapter.2}% 4
\BOOKMARK [2][-]{subsection.2.1.1}{\376\377\0002\000.\0001\000.\0001\000\040\000C\000o\000n\000s\000t\000r\000u\000c\000t\000o\000r\000\040\000\046\000\040\000D\000e\000s\000t\000r\000u\000c\000t\000o\000r\000\040\000D\000o\000c\000u\000m\000e\000n\000t\000a\000t\000i\000o\000n}{section.2.1}% 5
\BOOKMARK [3][-]{subsubsection.2.1.1.1}{\376\377\0002\000.\0001\000.\0001\000.\0001\000\040\000p\000r\000o\000j\0004\000\050\000\051}{subsection.2.1.1}% 6
\BOOKMARK [2][-]{subsection.2.1.2}{\376\377\0002\000.\0001\000.\0002\000\040\000M\000e\000m\000b\000e\000r\000\040\000F\000u\000n\000c\000t\000i\000o\000n\000\040\000D\000o\000c\000u\000m\000e\000n\000t\000a\000t\000i\000o\000n}{section.2.1}% 7
\BOOKMARK [3][-]{subsubsection.2.1.2.1}{\376\377\0002\000.\0001\000.\0002\000.\0001\000\040\000b\000u\000b\000b\000l\000e\000\137\000s\000o\000r\000t\000\050\000\051}{subsection.2.1.2}% 8
\BOOKMARK [3][-]{subsubsection.2.1.2.2}{\376\377\0002\000.\0001\000.\0002\000.\0002\000\040\000c\000l\000e\000a\000r\000\050\000\051}{subsection.2.1.2}% 9
\BOOKMARK [3][-]{subsubsection.2.1.2.3}{\376\377\0002\000.\0001\000.\0002\000.\0003\000\040\000c\000o\000u\000n\000t\000\137\000s\000o\000r\000t\000\050\000\051}{subsection.2.1.2}% 10
\BOOKMARK [3][-]{subsubsection.2.1.2.4}{\376\377\0002\000.\0001\000.\0002\000.\0004\000\040\000g\000e\000t\000C\000o\000m\000p\000a\000r\000i\000s\000o\000n\000s\000\050\000\051}{subsection.2.1.2}% 11
\BOOKMARK [3][-]{subsubsection.2.1.2.5}{\376\377\0002\000.\0001\000.\0002\000.\0005\000\040\000g\000e\000t\000C\000o\000u\000n\000t\000s\000\050\000\051}{subsection.2.1.2}% 12
\BOOKMARK [3][-]{subsubsection.2.1.2.6}{\376\377\0002\000.\0001\000.\0002\000.\0006\000\040\000g\000e\000t\000C\000o\000u\000n\000t\000S\000o\000r\000t\000s\000\050\000\051}{subsection.2.1.2}% 13
\BOOKMARK [3][-]{subsubsection.2.1.2.7}{\376\377\0002\000.\0001\000.\0002\000.\0007\000\040\000g\000e\000t\000L\000e\000f\000t\000\050\000\051}{subsection.2.1.2}% 14
\BOOKMARK [3][-]{subsubsection.2.1.2.8}{\376\377\0002\000.\0001\000.\0002\000.\0008\000\040\000g\000e\000t\000M\000a\000x\000\050\000\051}{subsection.2.1.2}% 15
\BOOKMARK [3][-]{subsubsection.2.1.2.9}{\376\377\0002\000.\0001\000.\0002\000.\0009\000\040\000g\000e\000t\000N\000u\000m\000b\000e\000r\000\050\000\051}{subsection.2.1.2}% 16
\BOOKMARK [3][-]{subsubsection.2.1.2.10}{\376\377\0002\000.\0001\000.\0002\000.\0001\0000\000\040\000g\000e\000t\000P\000a\000r\000t\000i\000t\000i\000o\000n\000s\000\050\000\051}{subsection.2.1.2}% 17
\BOOKMARK [3][-]{subsubsection.2.1.2.11}{\376\377\0002\000.\0001\000.\0002\000.\0001\0001\000\040\000g\000e\000t\000R\000e\000u\000r\000s\000i\000o\000n\000\050\000\051}{subsection.2.1.2}% 18
\BOOKMARK [3][-]{subsubsection.2.1.2.12}{\376\377\0002\000.\0001\000.\0002\000.\0001\0002\000\040\000g\000e\000t\000R\000i\000g\000h\000t\000\050\000\051}{subsection.2.1.2}% 19
\BOOKMARK [3][-]{subsubsection.2.1.2.13}{\376\377\0002\000.\0001\000.\0002\000.\0001\0003\000\040\000g\000e\000t\000S\000w\000a\000p\000s\000\050\000\051}{subsection.2.1.2}% 20
\BOOKMARK [3][-]{subsubsection.2.1.2.14}{\376\377\0002\000.\0001\000.\0002\000.\0001\0004\000\040\000i\000n\000s\000e\000r\000t\000\050\000\051}{subsection.2.1.2}% 21
\BOOKMARK [3][-]{subsubsection.2.1.2.15}{\376\377\0002\000.\0001\000.\0002\000.\0001\0005\000\040\000m\000e\000r\000g\000e\000\050\000\051}{subsection.2.1.2}% 22
\BOOKMARK [3][-]{subsubsection.2.1.2.16}{\376\377\0002\000.\0001\000.\0002\000.\0001\0006\000\040\000m\000e\000r\000g\000e\000S\000o\000r\000t\000\050\000\051}{subsection.2.1.2}% 23
\BOOKMARK [3][-]{subsubsection.2.1.2.17}{\376\377\0002\000.\0001\000.\0002\000.\0001\0007\000\040\000p\000a\000r\000t\000i\000t\000i\000o\000n\000\050\000\051}{subsection.2.1.2}% 24
\BOOKMARK [3][-]{subsubsection.2.1.2.18}{\376\377\0002\000.\0001\000.\0002\000.\0001\0008\000\040\000q\000u\000i\000c\000k\000\137\000s\000o\000r\000t\000\050\000\051}{subsection.2.1.2}% 25
\BOOKMARK [3][-]{subsubsection.2.1.2.19}{\376\377\0002\000.\0001\000.\0002\000.\0001\0009\000\040\000r\000a\000d\000i\000x\000s\000o\000r\000t\000\050\000\051}{subsection.2.1.2}% 26
\BOOKMARK [3][-]{subsubsection.2.1.2.20}{\376\377\0002\000.\0001\000.\0002\000.\0002\0000\000\040\000s\000e\000t\000M\000a\000x\000I\000t\000e\000m\000s\000\050\000\051}{subsection.2.1.2}% 27
\BOOKMARK [3][-]{subsubsection.2.1.2.21}{\376\377\0002\000.\0001\000.\0002\000.\0002\0001\000\040\000s\000w\000a\000p\000\050\000\051}{subsection.2.1.2}% 28
\BOOKMARK [0][-]{section*.3}{\376\377\000I\000n\000d\000e\000x}{}% 29
